<?xml version="1.0" encoding="UTF-8"?>
<!-- Generated by org.testng.reporters.JUnitReportReporter -->
<testsuite hostname="SP-MMarmol-MacbookPro2017.local" failures="0" tests="2" name="qaclickacademy.AppTest3" time="0.004" errors="0" timestamp="2021-07-25T16:37:32 PST" skipped="0">
  <testcase classname="qaclickacademy.AppTest3" name="module1" time="0.004"/>
  <system-out/>
  <testcase classname="qaclickacademy.AppTest3" name="module2" time="0.000"/>
  <system-out/>
</testsuite> <!-- qaclickacademy.AppTest3 -->
