<?xml version="1.0" encoding="UTF-8"?>
<!-- Generated by org.testng.reporters.JUnitReportReporter -->
<testsuite hostname="SP-MMarmol-MacbookPro2017.local" failures="0" tests="2" name="qaclickacademy.AppTest2" time="0.000" errors="0" timestamp="2021-07-25T16:37:32 PST" skipped="0">
  <testcase classname="qaclickacademy.AppTest2" name="Settings" time="0.000"/>
  <system-out/>
  <testcase classname="qaclickacademy.AppTest2" name="Homepage" time="0.000"/>
  <system-out/>
</testsuite> <!-- qaclickacademy.AppTest2 -->
